
Opening file: errors_demonstration.as ....
Error in line 1: Only numbers allowed in the .data instruction
Error in line 2: invalid operand
Error in line 3: invalid parameter
Error in line 4: wrong argument after the operand
Error in line 5: invalid number of operands
Error in line 6: invalid number of operands
Error in line 7: invalid number of operands
Error in line 8: invalid operand
Error in line 9: invalid operand
Error in line 10: invalid number of operands
Error in line 11: invalid number of operands
Error in line 12: invalid operand
Error in line 13: invalid number of operands
Error in line 14: invalid operand
Error in line 15: invalid number of operands
Error in line 16: invalid parameter after the operands 
Error in line 17: invalid operand
Error in line 18: invalid parameter
Error in line 19: invalid parameter
Error in line 20: invalid parameter after the operands 
Error in line 21: invalid operand
Error in line 22: invalid operand
Error in line 23: invalid operand
Error in line 24: invalid number of operands
Error in line 25: invalid number of operands
Error in line 26: colon (:) must follow a lable declaration
Error in line 27: invalid number of operands
Error in line 28: invalid number of operands
Error in line 29: invalid number of operands
Error in line 30: invalid number of operands
Error in line 31: invalid number of operands
Error in line 32: invalid number of operands
Error in line 33: invalid operand
Error in line 34: invalid operand
Error in line 35: invalid parameter after the operands 
Error in line 36: missing closing bracket
Error in line 37: invalid parameter after the operands 
Error in line 38: invalid operand
Error in line 39: invalid parameter after the operands 
Error in line 40: colon (:) must follow a lable declaration
Error in line 41: invalid operand
Error in line 42: colon (:) must follow a lable declaration
Error in line 43: invalid number of operands
Error in line 45: invalid parameter
Error in line 46: invalid parameter
Error in line 47: line must be shorter then 80 characters
Error in line 48: number must begin with hash ('#') sign
Error in line 49: invalid number of operands
Error in line 50: invalid number of operands
Error in line 51: wrong argument after the operand
Error in line 52: wrong argument after the operand
Error in line 53: wrong argument after the operand
Error in line 54: number must begin with hash ('#') sign
Error in line 55: number must begin with hash ('#') sign
Error in line 56: number must begin with hash ('#') sign
Error in line 57: wrong argument after the operand
Error in line 58: invalid number of operands
Error in line 59: invalid number of operands
Error in line 60: invalid number of operands
Error in line 61: invalid number of operands
Error in line 62: colon (:) must follow a lable declaration
Error in line 63: invalid number of operands
Error in line 64: invalid number of operands
Error in line 65: invalid number of operands
Error in line 66: invalid number of operands
Error in line 67: colon (:) must follow a lable declaration
Error in line 68: invalid parameter
Error in line 69: wrong argument after the operand
Error in line 70: invalid parameter after the operands 
Error in line 71: missinig operands
Error in line 72: invalid number of operands
Error in line 73: invalid parameter
Error in line 74: invalid number of operands
Error in line 75: colon (:) must follow a lable declaration
Error in line 76: wrong argument after the operand
Error in line 77: wrong argument after the operand
Error in line 78: wrong argument after the operand
Error in line 79: wrong argument after the operand
Error in line 80: invalid parameter
Error in line 81: colon (:) must follow a lable declaration
Error in line 82: invalid parameter
Error in line 83: wrong argument after the operand
Error in line 84: colon (:) must follow a lable declaration
Error in line 85: colon (:) must follow a lable declaration
Error in line 86: invalid parameter
Error in line 87: number must begin with hash ('#') sign
Error in line 88: lable declared twice
Error in line 88: number must begin with hash ('#') sign
Error in line 89: invalid parameter after the lable
Error in line 90: lable declared twice
Error in line 90: No data recieved after the .data instruction
Error in line 91: Only numbers allowed in the .data instruction
Error in line 92: invalid parameter after the operands 
Error in line 93: invalid number of operands
Error in line 94: invalid string
Error in line 95: Only numbers allowed in the .data instruction
Error in line 96: Only numbers allowed in the .data instruction
Error in line 97: Only numbers allowed in the .data instruction
Error in line 98: invalid parameter
Error in line 99: Only numbers allowed in the .data instruction
Error in line 100: Only numbers allowed in the .data instruction
Error in line 101: Only numbers allowed in the .data instruction
Error in line 102: No data recieved after the .data instruction
Error in line 103: invalid parameter
Error in line 104: invalid parameter
Error in line 105: invalid parameter
Error in line 106: Only numbers allowed in the .data instruction
Error in line 107: Only numbers allowed in the .data instruction
Error in line 108: Only numbers allowed in the .data instruction
Error in line 109: Only numbers allowed in the .data instruction
Error in line 110: Only numbers allowed in the .data instruction
Error in line 111: Only numbers allowed in the .data instruction
Error in line 112: Only numbers allowed in the .data instruction
Error in line 113: Only numbers allowed in the .data instruction
Error in line 114: Only numbers allowed in the .data instruction
Error in line 115: invalid parameter
Error in line 116: Only numbers allowed in the .data instruction
Error in line 117: invalid parameter
Error in line 118: comma at the end of the line
Error in line 119: Only numbers allowed in the .data instruction
Error in line 120: Only numbers allowed in the .data instruction
Error in line 121: Only numbers allowed in the .data instruction
Error in line 122: Only numbers allowed in the .data instruction
Error in line 123: invalid string
Error in line 124: A new line must follow a string
Error in line 125: A new line must follow a string
Error in line 126: A new line must follow a string
Error in line 127: invalid string
Error in line 128: invalid parameter
Error in line 129: invalid parameter
Error in line 130: invalid parameter
Error in line 131: invalid string
Error in line 132: invalid string
Error in line 133: invalid parameter
Error in line 134: Only numbers allowed in the .data instruction
Error in line 135: line must be shorter then 80 characters
Error in line 136: line must be shorter then 80 characters
Error in line 137: The number 123456878 is too big. Not enough memory
Error in line 138: The number 1624584526 is too big. Not enough memory
Error: lable WEIRED used without declaration
Error: Errors found on errors_demonstration.as, Can't assamble file

